<?xml version="1.0" encoding="UTF-8"?>
<!-- Generated by org.testng.reporters.JUnitXMLReporter -->
<testsuite ignored="0" hostname="DESKTOP-UJQAFN8" failures="2" tests="2" name="TestwithChrome(failed)" time="13.095" errors="0" timestamp="2022-05-25T23:38:52 IST">
  <testcase classname="com.hybridFramework.testCases.TC_LoginTest_002" name="LoginTest_002" time="2.246">
    <failure type="java.lang.AssertionError" message="expected [true] but found [false]">
      <![CDATA[java.lang.AssertionError: expected [true] but found [false]
at com.hybridFramework.testCases.TC_LoginTest_002.LoginTest_002(TC_LoginTest_002.java:33)
at java.base/java.util.ArrayList.forEach(ArrayList.java:1540)
... Removed 31 stack frames]]>
    </failure>
  </testcase> <!-- LoginTest_002 -->
  <testcase classname="com.hybridFramework.testCases.TC_LoginTest_002" name="LoginTest_002" time="2.268">
    <failure type="java.lang.AssertionError" message="expected [true] but found [false]">
      <![CDATA[java.lang.AssertionError: expected [true] but found [false]
at com.hybridFramework.testCases.TC_LoginTest_002.LoginTest_002(TC_LoginTest_002.java:33)
at java.base/java.util.ArrayList.forEach(ArrayList.java:1540)
... Removed 31 stack frames]]>
    </failure>
  </testcase> <!-- LoginTest_002 -->
</testsuite> <!-- TestwithChrome(failed) -->
